<?xml version="1.0" encoding="UTF-8"?>
<!-- Generated by org.testng.reporters.JUnitXMLReporter -->
<testsuite ignored="3" hostname="AMIT_PC" failures="1" tests="12" name="Test" time="23.557" errors="0" timestamp="2025-04-02T09:42:32 IST">
  <testcase classname="com.qa.testcases.user.USER_POST_API_TESTS" name="Test1" time="6.286"/>
  <testcase classname="com.qa.testcases.user.USER_POST_API_TESTS" name="Test2" time="1.345"/>
  <testcase classname="com.qa.testcases.user.USER_POST_API_TESTS" name="Test3" time="1.263"/>
  <testcase classname="com.qa.testcases.user.USER_POST_API_TESTS" name="Test4" time="1.327"/>
  <testcase classname="com.qa.testcases.user.USER_POST_API_TESTS" name="Test5" time="2.057"/>
  <testcase classname="com.qa.testcases.user.USER_POST_API_TESTS" name="Test6" time="2.612"/>
  <testcase classname="com.qa.testcases.user.USER_GET_API_TESTS" name="Test1" time="1.57"/>
  <testcase classname="com.qa.testcases.user.USER_GET_API_TESTS" name="Test2" time="1.172"/>
  <testcase classname="com.qa.testcases.user.USER_GET_API_TESTS" name="Test3" time="1.173"/>
  <testcase classname="com.qa.testcases.user.USER_GET_API_TESTS" name="Test4" time="1.177"/>
  <testcase classname="com.qa.testcases.user.USER_GET_API_TESTS" name="Test5" time="1.385"/>
  <testcase classname="com.qa.testcases.user.USER_GET_API_TESTS" name="Test6" time="1.345">
    <failure type="java.lang.AssertionError" message="
Expected: is null
     but: was &amp;lt;10&amp;gt;">
      <![CDATA[java.lang.AssertionError: 
Expected: is null
     but: was <10>
at org.hamcrest.MatcherAssert.assertThat(MatcherAssert.java:20)
at org.hamcrest.MatcherAssert.assertThat(MatcherAssert.java:6)
at com.qa.testcases.user.USER_GET_API_TESTS.Test6(USER_GET_API_TESTS.java:180)
at java.base/java.util.ArrayList.forEach(ArrayList.java:1597)
... Removed 25 stack frames]]>
    </failure>
  </testcase> <!-- Test6 -->
  <testcase classname="com.qa.base.BaseTest" name="@BeforeTest Setup" time="0.0">
    <ignored/>
  </testcase> <!-- @BeforeTest Setup -->
  <testcase classname="com.qa.base.BaseTest" name="@BeforeSuite Suite_Setup" time="0.0">
    <ignored/>
  </testcase> <!-- @BeforeSuite Suite_Setup -->
  <testcase classname="com.qa.base.BaseTest" name="@AfterSuite Suite_Teardown" time="0.0">
    <ignored/>
  </testcase> <!-- @AfterSuite Suite_Teardown -->
</testsuite> <!-- Test -->
