<?xml version="1.0" encoding="UTF-8"?>
<testng-results ignored="3" total="15" passed="11" failed="1" skipped="0">
  <reporter-output>
  </reporter-output>
  <suite started-at="2025-04-02T09:42:09 IST" name="Suite" finished-at="2025-04-02T09:42:32 IST" duration-ms="23557">
    <groups>
      <group name="POST">
        <method signature="USER_POST_API_TESTS.Test1()[pri:1, instance:com.qa.testcases.user.USER_POST_API_TESTS@68567e20]" name="Test1" class="com.qa.testcases.user.USER_POST_API_TESTS"/>
        <method signature="USER_POST_API_TESTS.Test2()[pri:2, instance:com.qa.testcases.user.USER_POST_API_TESTS@68567e20]" name="Test2" class="com.qa.testcases.user.USER_POST_API_TESTS"/>
        <method signature="USER_POST_API_TESTS.Test3()[pri:3, instance:com.qa.testcases.user.USER_POST_API_TESTS@68567e20]" name="Test3" class="com.qa.testcases.user.USER_POST_API_TESTS"/>
        <method signature="USER_POST_API_TESTS.Test4()[pri:4, instance:com.qa.testcases.user.USER_POST_API_TESTS@68567e20]" name="Test4" class="com.qa.testcases.user.USER_POST_API_TESTS"/>
        <method signature="USER_POST_API_TESTS.Test5()[pri:5, instance:com.qa.testcases.user.USER_POST_API_TESTS@68567e20]" name="Test5" class="com.qa.testcases.user.USER_POST_API_TESTS"/>
        <method signature="USER_POST_API_TESTS.Test6()[pri:6, instance:com.qa.testcases.user.USER_POST_API_TESTS@68567e20]" name="Test6" class="com.qa.testcases.user.USER_POST_API_TESTS"/>
      </group> <!-- POST -->
      <group name="GET">
        <method signature="USER_GET_API_TESTS.Test1()[pri:0, instance:com.qa.testcases.user.USER_GET_API_TESTS@fd07cbb]" name="Test1" class="com.qa.testcases.user.USER_GET_API_TESTS"/>
        <method signature="USER_GET_API_TESTS.Test2()[pri:0, instance:com.qa.testcases.user.USER_GET_API_TESTS@fd07cbb]" name="Test2" class="com.qa.testcases.user.USER_GET_API_TESTS"/>
        <method signature="USER_GET_API_TESTS.Test3()[pri:0, instance:com.qa.testcases.user.USER_GET_API_TESTS@fd07cbb]" name="Test3" class="com.qa.testcases.user.USER_GET_API_TESTS"/>
        <method signature="USER_GET_API_TESTS.Test4()[pri:0, instance:com.qa.testcases.user.USER_GET_API_TESTS@fd07cbb]" name="Test4" class="com.qa.testcases.user.USER_GET_API_TESTS"/>
        <method signature="USER_GET_API_TESTS.Test5()[pri:0, instance:com.qa.testcases.user.USER_GET_API_TESTS@fd07cbb]" name="Test5" class="com.qa.testcases.user.USER_GET_API_TESTS"/>
        <method signature="USER_GET_API_TESTS.Test6()[pri:0, instance:com.qa.testcases.user.USER_GET_API_TESTS@fd07cbb]" name="Test6" class="com.qa.testcases.user.USER_GET_API_TESTS"/>
      </group> <!-- GET -->
    </groups>
    <test started-at="2025-04-02T09:42:09 IST" name="Test" finished-at="2025-04-02T09:42:32 IST" duration-ms="23557">
      <class name="com.qa.testcases.user.USER_GET_API_TESTS">
        <test-method is-config="true" signature="Method_Setup(java.lang.reflect.Method,org.testng.ITestContext)[pri:0, instance:com.qa.testcases.user.USER_GET_API_TESTS@fd07cbb]" started-at="2025-04-02T09:42:24 IST" name="Method_Setup" finished-at="2025-04-02T09:42:24 IST" duration-ms="17" status="PASS">
          <params>
            <param index="0">
              <value>
                <![CDATA[public void com.qa.testcases.user.USER_GET_API_TESTS.Test1()]]>
              </value>
            </param>
            <param index="1">
              <value>
                <![CDATA[org.testng.TestRunner@621a387f]]>
              </value>
            </param>
          </params>
          <reporter-output>
          </reporter-output>
        </test-method> <!-- Method_Setup -->
        <test-method signature="Test1()[pri:0, instance:com.qa.testcases.user.USER_GET_API_TESTS@fd07cbb]" started-at="2025-04-02T09:42:24 IST" name="Test1" description="Validate that API should return API status code within 2XX series" finished-at="2025-04-02T09:42:26 IST" duration-ms="1570" status="PASS">
          <reporter-output>
          </reporter-output>
        </test-method> <!-- Test1 -->
        <test-method is-config="true" signature="Method_Teardown(org.testng.ITestResult)[pri:0, instance:com.qa.testcases.user.USER_GET_API_TESTS@fd07cbb]" started-at="2025-04-02T09:42:26 IST" name="Method_Teardown" finished-at="2025-04-02T09:42:26 IST" duration-ms="1" status="PASS">
          <params>
            <param index="0">
              <value>
                <![CDATA[[TestResult name=Test1 status=SUCCESS method=USER_GET_API_TESTS.Test1()[pri:0, instance:com.qa.testcases.user.USER_GET_API_TESTS@fd07cbb] output={null}]]]>
              </value>
            </param>
          </params>
          <reporter-output>
          </reporter-output>
        </test-method> <!-- Method_Teardown -->
        <test-method is-config="true" signature="Method_Setup(java.lang.reflect.Method,org.testng.ITestContext)[pri:0, instance:com.qa.testcases.user.USER_GET_API_TESTS@fd07cbb]" started-at="2025-04-02T09:42:26 IST" name="Method_Setup" finished-at="2025-04-02T09:42:26 IST" duration-ms="12" status="PASS">
          <params>
            <param index="0">
              <value>
                <![CDATA[public void com.qa.testcases.user.USER_GET_API_TESTS.Test2()]]>
              </value>
            </param>
            <param index="1">
              <value>
                <![CDATA[org.testng.TestRunner@621a387f]]>
              </value>
            </param>
          </params>
          <reporter-output>
          </reporter-output>
        </test-method> <!-- Method_Setup -->
        <test-method signature="Test2()[pri:0, instance:com.qa.testcases.user.USER_GET_API_TESTS@fd07cbb]" started-at="2025-04-02T09:42:26 IST" name="Test2" description="Validate that API should return API status code = 200 OK" finished-at="2025-04-02T09:42:27 IST" duration-ms="1172" status="PASS">
          <reporter-output>
          </reporter-output>
        </test-method> <!-- Test2 -->
        <test-method is-config="true" signature="Method_Teardown(org.testng.ITestResult)[pri:0, instance:com.qa.testcases.user.USER_GET_API_TESTS@fd07cbb]" started-at="2025-04-02T09:42:27 IST" name="Method_Teardown" finished-at="2025-04-02T09:42:27 IST" duration-ms="1" status="PASS">
          <params>
            <param index="0">
              <value>
                <![CDATA[[TestResult name=Test2 status=SUCCESS method=USER_GET_API_TESTS.Test2()[pri:0, instance:com.qa.testcases.user.USER_GET_API_TESTS@fd07cbb] output={null}]]]>
              </value>
            </param>
          </params>
          <reporter-output>
          </reporter-output>
        </test-method> <!-- Method_Teardown -->
        <test-method is-config="true" signature="Method_Setup(java.lang.reflect.Method,org.testng.ITestContext)[pri:0, instance:com.qa.testcases.user.USER_GET_API_TESTS@fd07cbb]" started-at="2025-04-02T09:42:27 IST" name="Method_Setup" finished-at="2025-04-02T09:42:27 IST" duration-ms="13" status="PASS">
          <params>
            <param index="0">
              <value>
                <![CDATA[public void com.qa.testcases.user.USER_GET_API_TESTS.Test3()]]>
              </value>
            </param>
            <param index="1">
              <value>
                <![CDATA[org.testng.TestRunner@621a387f]]>
              </value>
            </param>
          </params>
          <reporter-output>
          </reporter-output>
        </test-method> <!-- Method_Setup -->
        <test-method signature="Test3()[pri:0, instance:com.qa.testcases.user.USER_GET_API_TESTS@fd07cbb]" started-at="2025-04-02T09:42:27 IST" name="Test3" description="Validate that API should return a response payload ie. Non-empty response body and response header" finished-at="2025-04-02T09:42:28 IST" duration-ms="1173" status="PASS">
          <reporter-output>
          </reporter-output>
        </test-method> <!-- Test3 -->
        <test-method is-config="true" signature="Method_Teardown(org.testng.ITestResult)[pri:0, instance:com.qa.testcases.user.USER_GET_API_TESTS@fd07cbb]" started-at="2025-04-02T09:42:28 IST" name="Method_Teardown" finished-at="2025-04-02T09:42:28 IST" duration-ms="1" status="PASS">
          <params>
            <param index="0">
              <value>
                <![CDATA[[TestResult name=Test3 status=SUCCESS method=USER_GET_API_TESTS.Test3()[pri:0, instance:com.qa.testcases.user.USER_GET_API_TESTS@fd07cbb] output={null}]]]>
              </value>
            </param>
          </params>
          <reporter-output>
          </reporter-output>
        </test-method> <!-- Method_Teardown -->
        <test-method is-config="true" signature="Method_Setup(java.lang.reflect.Method,org.testng.ITestContext)[pri:0, instance:com.qa.testcases.user.USER_GET_API_TESTS@fd07cbb]" started-at="2025-04-02T09:42:28 IST" name="Method_Setup" finished-at="2025-04-02T09:42:28 IST" duration-ms="13" status="PASS">
          <params>
            <param index="0">
              <value>
                <![CDATA[public void com.qa.testcases.user.USER_GET_API_TESTS.Test4()]]>
              </value>
            </param>
            <param index="1">
              <value>
                <![CDATA[org.testng.TestRunner@621a387f]]>
              </value>
            </param>
          </params>
          <reporter-output>
          </reporter-output>
        </test-method> <!-- Method_Setup -->
        <test-method signature="Test4()[pri:0, instance:com.qa.testcases.user.USER_GET_API_TESTS@fd07cbb]" started-at="2025-04-02T09:42:28 IST" name="Test4" description="Validate that API should return response of type = JSON" finished-at="2025-04-02T09:42:29 IST" duration-ms="1177" status="PASS">
          <reporter-output>
          </reporter-output>
        </test-method> <!-- Test4 -->
        <test-method is-config="true" signature="Method_Teardown(org.testng.ITestResult)[pri:0, instance:com.qa.testcases.user.USER_GET_API_TESTS@fd07cbb]" started-at="2025-04-02T09:42:29 IST" name="Method_Teardown" finished-at="2025-04-02T09:42:29 IST" duration-ms="1" status="PASS">
          <params>
            <param index="0">
              <value>
                <![CDATA[[TestResult name=Test4 status=SUCCESS method=USER_GET_API_TESTS.Test4()[pri:0, instance:com.qa.testcases.user.USER_GET_API_TESTS@fd07cbb] output={null}]]]>
              </value>
            </param>
          </params>
          <reporter-output>
          </reporter-output>
        </test-method> <!-- Method_Teardown -->
        <test-method is-config="true" signature="Method_Setup(java.lang.reflect.Method,org.testng.ITestContext)[pri:0, instance:com.qa.testcases.user.USER_GET_API_TESTS@fd07cbb]" started-at="2025-04-02T09:42:29 IST" name="Method_Setup" finished-at="2025-04-02T09:42:30 IST" duration-ms="13" status="PASS">
          <params>
            <param index="0">
              <value>
                <![CDATA[public void com.qa.testcases.user.USER_GET_API_TESTS.Test5()]]>
              </value>
            </param>
            <param index="1">
              <value>
                <![CDATA[org.testng.TestRunner@621a387f]]>
              </value>
            </param>
          </params>
          <reporter-output>
          </reporter-output>
        </test-method> <!-- Method_Setup -->
        <test-method signature="Test5()[pri:0, instance:com.qa.testcases.user.USER_GET_API_TESTS@fd07cbb]" started-at="2025-04-02T09:42:30 IST" name="Test5" description="Validate that API should should adhere to Response structure as per data model mentioned in API Spec or API Doc.- JSON SCHEMA VALIDATION" finished-at="2025-04-02T09:42:31 IST" duration-ms="1385" status="PASS">
          <reporter-output>
          </reporter-output>
        </test-method> <!-- Test5 -->
        <test-method is-config="true" signature="Method_Teardown(org.testng.ITestResult)[pri:0, instance:com.qa.testcases.user.USER_GET_API_TESTS@fd07cbb]" started-at="2025-04-02T09:42:31 IST" name="Method_Teardown" finished-at="2025-04-02T09:42:31 IST" duration-ms="1" status="PASS">
          <params>
            <param index="0">
              <value>
                <![CDATA[[TestResult name=Test5 status=SUCCESS method=USER_GET_API_TESTS.Test5()[pri:0, instance:com.qa.testcases.user.USER_GET_API_TESTS@fd07cbb] output={null}]]]>
              </value>
            </param>
          </params>
          <reporter-output>
          </reporter-output>
        </test-method> <!-- Method_Teardown -->
        <test-method is-config="true" signature="Method_Setup(java.lang.reflect.Method,org.testng.ITestContext)[pri:0, instance:com.qa.testcases.user.USER_GET_API_TESTS@fd07cbb]" started-at="2025-04-02T09:42:31 IST" name="Method_Setup" finished-at="2025-04-02T09:42:31 IST" duration-ms="13" status="PASS">
          <params>
            <param index="0">
              <value>
                <![CDATA[public void com.qa.testcases.user.USER_GET_API_TESTS.Test6()]]>
              </value>
            </param>
            <param index="1">
              <value>
                <![CDATA[org.testng.TestRunner@621a387f]]>
              </value>
            </param>
          </params>
          <reporter-output>
          </reporter-output>
        </test-method> <!-- Method_Setup -->
        <test-method signature="Test6()[pri:0, instance:com.qa.testcases.user.USER_GET_API_TESTS@fd07cbb]" started-at="2025-04-02T09:42:31 IST" name="Test6" description="Validate that API should return response body with details of existing user" finished-at="2025-04-02T09:42:32 IST" duration-ms="1345" status="FAIL">
          <exception class="java.lang.AssertionError">
            <message>
              <![CDATA[
Expected: is null
     but: was <10>]]>
            </message>
            <full-stacktrace>
              <![CDATA[java.lang.AssertionError: 
Expected: is null
     but: was <10>
at org.hamcrest.MatcherAssert.assertThat(MatcherAssert.java:20)
at org.hamcrest.MatcherAssert.assertThat(MatcherAssert.java:6)
at com.qa.testcases.user.USER_GET_API_TESTS.Test6(USER_GET_API_TESTS.java:180)
at java.base/jdk.internal.reflect.DirectMethodHandleAccessor.invoke(DirectMethodHandleAccessor.java:103)
at java.base/java.lang.reflect.Method.invoke(Method.java:580)
at org.testng.internal.MethodInvocationHelper.invokeMethod(MethodInvocationHelper.java:133)
at org.testng.internal.TestInvoker.invokeMethod(TestInvoker.java:598)
at org.testng.internal.TestInvoker.invokeTestMethod(TestInvoker.java:173)
at org.testng.internal.MethodRunner.runInSequence(MethodRunner.java:46)
at org.testng.internal.TestInvoker$MethodInvocationAgent.invoke(TestInvoker.java:824)
at org.testng.internal.TestInvoker.invokeTestMethods(TestInvoker.java:146)
at org.testng.internal.TestMethodWorker.invokeTestMethods(TestMethodWorker.java:146)
at org.testng.internal.TestMethodWorker.run(TestMethodWorker.java:128)
at java.base/java.util.ArrayList.forEach(ArrayList.java:1597)
at org.testng.TestRunner.privateRun(TestRunner.java:794)
at org.testng.TestRunner.run(TestRunner.java:596)
at org.testng.SuiteRunner.runTest(SuiteRunner.java:377)
at org.testng.SuiteRunner.runSequentially(SuiteRunner.java:371)
at org.testng.SuiteRunner.privateRun(SuiteRunner.java:332)
at org.testng.SuiteRunner.run(SuiteRunner.java:276)
at org.testng.SuiteRunnerWorker.runSuite(SuiteRunnerWorker.java:53)
at org.testng.SuiteRunnerWorker.run(SuiteRunnerWorker.java:96)
at org.testng.TestNG.runSuitesSequentially(TestNG.java:1212)
at org.testng.TestNG.runSuitesLocally(TestNG.java:1134)
at org.testng.TestNG.runSuites(TestNG.java:1063)
at org.testng.TestNG.run(TestNG.java:1031)
at org.testng.remote.AbstractRemoteTestNG.run(AbstractRemoteTestNG.java:115)
at org.testng.remote.RemoteTestNG.initAndRun(RemoteTestNG.java:293)
at org.testng.remote.RemoteTestNG.main(RemoteTestNG.java:91)
]]>
            </full-stacktrace>
          </exception> <!-- java.lang.AssertionError -->
          <reporter-output>
          </reporter-output>
        </test-method> <!-- Test6 -->
        <test-method is-config="true" signature="Method_Teardown(org.testng.ITestResult)[pri:0, instance:com.qa.testcases.user.USER_GET_API_TESTS@fd07cbb]" started-at="2025-04-02T09:42:32 IST" name="Method_Teardown" finished-at="2025-04-02T09:42:32 IST" duration-ms="2" status="PASS">
          <params>
            <param index="0">
              <value>
                <![CDATA[[TestResult name=Test6 status=FAILURE method=USER_GET_API_TESTS.Test6()[pri:0, instance:com.qa.testcases.user.USER_GET_API_TESTS@fd07cbb] output={null}]]]>
              </value>
            </param>
          </params>
          <reporter-output>
          </reporter-output>
        </test-method> <!-- Method_Teardown -->
      </class> <!-- com.qa.testcases.user.USER_GET_API_TESTS -->
      <class name="com.qa.testcases.user.USER_POST_API_TESTS">
        <test-method is-config="true" signature="Suite_Setup()[pri:0, instance:com.qa.testcases.user.USER_POST_API_TESTS@68567e20]" started-at="2025-04-02T09:42:08 IST" name="Suite_Setup" finished-at="2025-04-02T09:42:09 IST" duration-ms="1024" status="PASS">
          <reporter-output>
          </reporter-output>
        </test-method> <!-- Suite_Setup -->
        <test-method is-config="true" signature="Setup(org.testng.ITestContext)[pri:0, instance:com.qa.testcases.user.USER_POST_API_TESTS@68567e20]" started-at="2025-04-02T09:42:09 IST" name="Setup" finished-at="2025-04-02T09:42:09 IST" duration-ms="29" status="PASS">
          <params>
            <param index="0">
              <value>
                <![CDATA[org.testng.TestRunner@621a387f]]>
              </value>
            </param>
          </params>
          <reporter-output>
          </reporter-output>
        </test-method> <!-- Setup -->
        <test-method is-config="true" signature="Method_Setup(java.lang.reflect.Method,org.testng.ITestContext)[pri:0, instance:com.qa.testcases.user.USER_POST_API_TESTS@68567e20]" started-at="2025-04-02T09:42:09 IST" name="Method_Setup" finished-at="2025-04-02T09:42:09 IST" duration-ms="52" status="PASS">
          <params>
            <param index="0">
              <value>
                <![CDATA[public void com.qa.testcases.user.USER_POST_API_TESTS.Test1()]]>
              </value>
            </param>
            <param index="1">
              <value>
                <![CDATA[org.testng.TestRunner@621a387f]]>
              </value>
            </param>
          </params>
          <reporter-output>
          </reporter-output>
        </test-method> <!-- Method_Setup -->
        <test-method signature="Test1()[pri:1, instance:com.qa.testcases.user.USER_POST_API_TESTS@68567e20]" started-at="2025-04-02T09:42:09 IST" name="Test1" description="Validate that API should return API status code within 2XX series" finished-at="2025-04-02T09:42:15 IST" duration-ms="6286" status="PASS">
          <reporter-output>
          </reporter-output>
        </test-method> <!-- Test1 -->
        <test-method is-config="true" signature="Method_Teardown(org.testng.ITestResult)[pri:0, instance:com.qa.testcases.user.USER_POST_API_TESTS@68567e20]" started-at="2025-04-02T09:42:15 IST" name="Method_Teardown" finished-at="2025-04-02T09:42:16 IST" duration-ms="406" status="PASS">
          <params>
            <param index="0">
              <value>
                <![CDATA[[TestResult name=Test1 status=SUCCESS method=USER_POST_API_TESTS.Test1()[pri:1, instance:com.qa.testcases.user.USER_POST_API_TESTS@68567e20] output={null}]]]>
              </value>
            </param>
          </params>
          <reporter-output>
          </reporter-output>
        </test-method> <!-- Method_Teardown -->
        <test-method is-config="true" signature="Method_Setup(java.lang.reflect.Method,org.testng.ITestContext)[pri:0, instance:com.qa.testcases.user.USER_POST_API_TESTS@68567e20]" started-at="2025-04-02T09:42:16 IST" name="Method_Setup" finished-at="2025-04-02T09:42:16 IST" duration-ms="34" status="PASS">
          <params>
            <param index="0">
              <value>
                <![CDATA[public void com.qa.testcases.user.USER_POST_API_TESTS.Test2()]]>
              </value>
            </param>
            <param index="1">
              <value>
                <![CDATA[org.testng.TestRunner@621a387f]]>
              </value>
            </param>
          </params>
          <reporter-output>
          </reporter-output>
        </test-method> <!-- Method_Setup -->
        <test-method signature="Test2()[pri:2, instance:com.qa.testcases.user.USER_POST_API_TESTS@68567e20]" started-at="2025-04-02T09:42:16 IST" name="Test2" description="Validate that API should return API status code = 200 created. NOTE: Usually POST req leads to 201 created response status code, but for this API as per API doc, we have to use 200" finished-at="2025-04-02T09:42:17 IST" duration-ms="1345" status="PASS">
          <reporter-output>
          </reporter-output>
        </test-method> <!-- Test2 -->
        <test-method is-config="true" signature="Method_Teardown(org.testng.ITestResult)[pri:0, instance:com.qa.testcases.user.USER_POST_API_TESTS@68567e20]" started-at="2025-04-02T09:42:17 IST" name="Method_Teardown" finished-at="2025-04-02T09:42:17 IST" duration-ms="1" status="PASS">
          <params>
            <param index="0">
              <value>
                <![CDATA[[TestResult name=Test2 status=SUCCESS method=USER_POST_API_TESTS.Test2()[pri:2, instance:com.qa.testcases.user.USER_POST_API_TESTS@68567e20] output={null}]]]>
              </value>
            </param>
          </params>
          <reporter-output>
          </reporter-output>
        </test-method> <!-- Method_Teardown -->
        <test-method is-config="true" signature="Method_Setup(java.lang.reflect.Method,org.testng.ITestContext)[pri:0, instance:com.qa.testcases.user.USER_POST_API_TESTS@68567e20]" started-at="2025-04-02T09:42:17 IST" name="Method_Setup" finished-at="2025-04-02T09:42:17 IST" duration-ms="20" status="PASS">
          <params>
            <param index="0">
              <value>
                <![CDATA[public void com.qa.testcases.user.USER_POST_API_TESTS.Test3()]]>
              </value>
            </param>
            <param index="1">
              <value>
                <![CDATA[org.testng.TestRunner@621a387f]]>
              </value>
            </param>
          </params>
          <reporter-output>
          </reporter-output>
        </test-method> <!-- Method_Setup -->
        <test-method signature="Test3()[pri:3, instance:com.qa.testcases.user.USER_POST_API_TESTS@68567e20]" started-at="2025-04-02T09:42:17 IST" name="Test3" description="Validate that API should return a response payload ie. Non-empty response body and response header" finished-at="2025-04-02T09:42:18 IST" duration-ms="1263" status="PASS">
          <reporter-output>
          </reporter-output>
        </test-method> <!-- Test3 -->
        <test-method is-config="true" signature="Method_Teardown(org.testng.ITestResult)[pri:0, instance:com.qa.testcases.user.USER_POST_API_TESTS@68567e20]" started-at="2025-04-02T09:42:18 IST" name="Method_Teardown" finished-at="2025-04-02T09:42:18 IST" duration-ms="2" status="PASS">
          <params>
            <param index="0">
              <value>
                <![CDATA[[TestResult name=Test3 status=SUCCESS method=USER_POST_API_TESTS.Test3()[pri:3, instance:com.qa.testcases.user.USER_POST_API_TESTS@68567e20] output={null}]]]>
              </value>
            </param>
          </params>
          <reporter-output>
          </reporter-output>
        </test-method> <!-- Method_Teardown -->
        <test-method is-config="true" signature="Method_Setup(java.lang.reflect.Method,org.testng.ITestContext)[pri:0, instance:com.qa.testcases.user.USER_POST_API_TESTS@68567e20]" started-at="2025-04-02T09:42:18 IST" name="Method_Setup" finished-at="2025-04-02T09:42:18 IST" duration-ms="45" status="PASS">
          <params>
            <param index="0">
              <value>
                <![CDATA[public void com.qa.testcases.user.USER_POST_API_TESTS.Test4()]]>
              </value>
            </param>
            <param index="1">
              <value>
                <![CDATA[org.testng.TestRunner@621a387f]]>
              </value>
            </param>
          </params>
          <reporter-output>
          </reporter-output>
        </test-method> <!-- Method_Setup -->
        <test-method signature="Test4()[pri:4, instance:com.qa.testcases.user.USER_POST_API_TESTS@68567e20]" started-at="2025-04-02T09:42:18 IST" name="Test4" description="Validate that API should return response of type = JSON" finished-at="2025-04-02T09:42:20 IST" duration-ms="1327" status="PASS">
          <reporter-output>
          </reporter-output>
        </test-method> <!-- Test4 -->
        <test-method is-config="true" signature="Method_Teardown(org.testng.ITestResult)[pri:0, instance:com.qa.testcases.user.USER_POST_API_TESTS@68567e20]" started-at="2025-04-02T09:42:20 IST" name="Method_Teardown" finished-at="2025-04-02T09:42:20 IST" duration-ms="3" status="PASS">
          <params>
            <param index="0">
              <value>
                <![CDATA[[TestResult name=Test4 status=SUCCESS method=USER_POST_API_TESTS.Test4()[pri:4, instance:com.qa.testcases.user.USER_POST_API_TESTS@68567e20] output={null}]]]>
              </value>
            </param>
          </params>
          <reporter-output>
          </reporter-output>
        </test-method> <!-- Method_Teardown -->
        <test-method is-config="true" signature="Method_Setup(java.lang.reflect.Method,org.testng.ITestContext)[pri:0, instance:com.qa.testcases.user.USER_POST_API_TESTS@68567e20]" started-at="2025-04-02T09:42:20 IST" name="Method_Setup" finished-at="2025-04-02T09:42:20 IST" duration-ms="53" status="PASS">
          <params>
            <param index="0">
              <value>
                <![CDATA[public void com.qa.testcases.user.USER_POST_API_TESTS.Test5()]]>
              </value>
            </param>
            <param index="1">
              <value>
                <![CDATA[org.testng.TestRunner@621a387f]]>
              </value>
            </param>
          </params>
          <reporter-output>
          </reporter-output>
        </test-method> <!-- Method_Setup -->
        <test-method signature="Test5()[pri:5, instance:com.qa.testcases.user.USER_POST_API_TESTS@68567e20]" started-at="2025-04-02T09:42:20 IST" name="Test5" description="Validate that API should should adhere to Response structure as per data model mentioned in API Spec or API Doc.- JSON SCHEMA VALIDATION
" finished-at="2025-04-02T09:42:22 IST" duration-ms="2057" status="PASS">
          <reporter-output>
          </reporter-output>
        </test-method> <!-- Test5 -->
        <test-method is-config="true" signature="Method_Teardown(org.testng.ITestResult)[pri:0, instance:com.qa.testcases.user.USER_POST_API_TESTS@68567e20]" started-at="2025-04-02T09:42:22 IST" name="Method_Teardown" finished-at="2025-04-02T09:42:22 IST" duration-ms="0" status="PASS">
          <params>
            <param index="0">
              <value>
                <![CDATA[[TestResult name=Test5 status=SUCCESS method=USER_POST_API_TESTS.Test5()[pri:5, instance:com.qa.testcases.user.USER_POST_API_TESTS@68567e20] output={null}]]]>
              </value>
            </param>
          </params>
          <reporter-output>
          </reporter-output>
        </test-method> <!-- Method_Teardown -->
        <test-method is-config="true" signature="Method_Setup(java.lang.reflect.Method,org.testng.ITestContext)[pri:0, instance:com.qa.testcases.user.USER_POST_API_TESTS@68567e20]" started-at="2025-04-02T09:42:22 IST" name="Method_Setup" finished-at="2025-04-02T09:42:22 IST" duration-ms="15" status="PASS">
          <params>
            <param index="0">
              <value>
                <![CDATA[public void com.qa.testcases.user.USER_POST_API_TESTS.Test6()]]>
              </value>
            </param>
            <param index="1">
              <value>
                <![CDATA[org.testng.TestRunner@621a387f]]>
              </value>
            </param>
          </params>
          <reporter-output>
          </reporter-output>
        </test-method> <!-- Method_Setup -->
        <test-method signature="Test6()[pri:6, instance:com.qa.testcases.user.USER_POST_API_TESTS@68567e20]" started-at="2025-04-02T09:42:22 IST" name="Test6" description="Validate that API should returns response body with content containing details as provided in request body along with Id key with new/unique generated id" finished-at="2025-04-02T09:42:24 IST" duration-ms="2612" status="PASS">
          <reporter-output>
          </reporter-output>
        </test-method> <!-- Test6 -->
        <test-method is-config="true" signature="Method_Teardown(org.testng.ITestResult)[pri:0, instance:com.qa.testcases.user.USER_POST_API_TESTS@68567e20]" started-at="2025-04-02T09:42:24 IST" name="Method_Teardown" finished-at="2025-04-02T09:42:24 IST" duration-ms="0" status="PASS">
          <params>
            <param index="0">
              <value>
                <![CDATA[[TestResult name=Test6 status=SUCCESS method=USER_POST_API_TESTS.Test6()[pri:6, instance:com.qa.testcases.user.USER_POST_API_TESTS@68567e20] output={null}]]]>
              </value>
            </param>
          </params>
          <reporter-output>
          </reporter-output>
        </test-method> <!-- Method_Teardown -->
        <test-method is-config="true" signature="Suite_Teardown()[pri:0, instance:com.qa.testcases.user.USER_POST_API_TESTS@68567e20]" started-at="2025-04-02T09:42:32 IST" name="Suite_Teardown" finished-at="2025-04-02T09:42:33 IST" duration-ms="492" status="PASS">
          <reporter-output>
          </reporter-output>
        </test-method> <!-- Suite_Teardown -->
      </class> <!-- com.qa.testcases.user.USER_POST_API_TESTS -->
    </test> <!-- Test -->
  </suite> <!-- Suite -->
</testng-results>
